
X570-AORUS-MASTER	Sat Nov 21 20:27:09 2020
	ConfigStorage: Cannot initialize the shared memory region
	I/O error during "open" operation for file "/mnt/CRUCIALM550/Work/Projects/Github/FirebirdODSConverter/linux/temp/fb_init"
	Error while trying to open file
	Permission denied


X570-AORUS-MASTER	Sat Nov 21 20:27:09 2020
	ConfigStorage: Cannot initialize the shared memory region
	I/O error during "open" operation for file "/mnt/CRUCIALM550/Work/Projects/Github/FirebirdODSConverter/linux/temp/fb_init"
	Error while trying to open file
	Permission denied


X570-AORUS-MASTER	Sat Nov 21 20:27:09 2020
	ConfigStorage: Cannot initialize the shared memory region
	I/O error during "open" operation for file "/mnt/CRUCIALM550/Work/Projects/Github/FirebirdODSConverter/linux/temp/fb_init"
	Error while trying to open file
	Permission denied


X570-AORUS-MASTER	Sat Nov 21 20:27:09 2020
	JProvider::shutdown:
	I/O error during "open" operation for file "/mnt/CRUCIALM550/Work/Projects/Github/FirebirdODSConverter/linux/temp/fb_init"
	Error while trying to open file
	Permission denied

